TN:
SF:/Users/houjin/bashen/easyNode/core/db/dbMongo.js
FN:30,Mongo
FN:38,(anonymous_1)
FN:54,(anonymous_2)
FN:57,(anonymous_3)
FN:64,(anonymous_4)
FN:99,(anonymous_5)
FN:101,(anonymous_6)
FN:123,(anonymous_7)
FN:127,(anonymous_8)
FN:149,(anonymous_9)
FN:154,(anonymous_10)
FN:170,(anonymous_11)
FN:171,(anonymous_12)
FN:174,(anonymous_13)
FN:177,(anonymous_14)
FNF:15
FNH:15
FNDA:17,Mongo
FNDA:15,(anonymous_1)
FNDA:2,(anonymous_2)
FNDA:2,(anonymous_3)
FNDA:1,(anonymous_4)
FNDA:3,(anonymous_5)
FNDA:2,(anonymous_6)
FNDA:5,(anonymous_7)
FNDA:5,(anonymous_8)
FNDA:3,(anonymous_9)
FNDA:3,(anonymous_10)
FNDA:18,(anonymous_11)
FNDA:18,(anonymous_12)
FNDA:13,(anonymous_13)
FNDA:4,(anonymous_14)
DA:9,1
DA:11,1
DA:31,17
DA:32,0
DA:34,17
DA:35,2
DA:37,15
DA:38,15
DA:39,15
DA:44,1
DA:53,2
DA:54,2
DA:55,2
DA:56,2
DA:57,2
DA:58,2
DA:65,1
DA:75,0
DA:89,1
DA:98,3
DA:99,3
DA:100,3
DA:101,3
DA:102,2
DA:108,1
DA:122,5
DA:123,5
DA:124,5
DA:125,5
DA:128,5
DA:134,0
DA:148,3
DA:149,3
DA:150,3
DA:151,3
DA:154,3
DA:155,3
DA:161,0
DA:170,1
DA:171,18
DA:172,18
DA:173,18
DA:175,13
DA:178,4
DA:185,1
LF:45
LH:41
BRDA:31,0,0,0
BRDA:31,0,1,17
BRDA:34,1,0,2
BRDA:34,1,1,15
BRDA:39,2,0,2
BRDA:39,2,1,13
BRDA:56,3,0,1
BRDA:56,3,1,1
BRDA:57,4,0,2
BRDA:57,4,1,1
BRDA:58,5,0,0
BRDA:58,5,1,2
BRDA:61,6,0,1
BRDA:61,6,1,1
BRDA:65,7,0,0
BRDA:65,7,1,1
BRDA:101,8,0,3
BRDA:101,8,1,0
BRDA:102,9,0,1
BRDA:102,9,1,1
BRDA:128,10,0,3
BRDA:128,10,1,2
BRDA:155,11,0,0
BRDA:155,11,1,3
BRF:24
BRH:19
end_of_record
TN:
SF:/Users/houjin/bashen/easyNode/core/db/dbMysql.js
FN:20,createWhereText
FN:28,(anonymous_1)
FN:42,Mysql
FN:57,(anonymous_3)
FN:58,(anonymous_4)
FN:59,(anonymous_5)
FN:82,(anonymous_6)
FN:90,(anonymous_7)
FN:122,(anonymous_8)
FN:146,(anonymous_9)
FN:171,(anonymous_10)
FN:177,(anonymous_11)
FN:196,(anonymous_12)
FN:197,(anonymous_13)
FN:210,Transactionn
FN:232,(anonymous_15)
FN:233,(anonymous_16)
FN:246,(anonymous_17)
FN:247,(anonymous_18)
FN:248,(anonymous_19)
FN:260,(anonymous_20)
FN:261,(anonymous_21)
FN:262,(anonymous_22)
FNF:23
FNH:21
FNDA:9,createWhereText
FNDA:3,(anonymous_1)
FNDA:13,Mysql
FNDA:7,(anonymous_3)
FNDA:7,(anonymous_4)
FNDA:7,(anonymous_5)
FNDA:3,(anonymous_6)
FNDA:6,(anonymous_7)
FNDA:2,(anonymous_8)
FNDA:4,(anonymous_9)
FNDA:3,(anonymous_10)
FNDA:0,(anonymous_11)
FNDA:10,(anonymous_12)
FNDA:10,(anonymous_13)
FNDA:10,Transactionn
FNDA:9,(anonymous_15)
FNDA:9,(anonymous_16)
FNDA:18,(anonymous_17)
FNDA:18,(anonymous_18)
FNDA:1,(anonymous_19)
FNDA:8,(anonymous_20)
FNDA:8,(anonymous_21)
FNDA:0,(anonymous_22)
DA:8,1
DA:9,1
DA:21,9
DA:22,9
DA:23,9
DA:24,7
DA:25,10
DA:27,2
DA:28,2
DA:29,3
DA:32,9
DA:33,9
DA:43,13
DA:44,13
DA:47,1
DA:56,7
DA:57,7
DA:58,7
DA:59,7
DA:60,7
DA:61,7
DA:81,3
DA:82,3
DA:83,3
DA:84,3
DA:85,3
DA:86,3
DA:87,3
DA:88,3
DA:89,3
DA:90,2
DA:91,6
DA:92,6
DA:93,6
DA:94,12
DA:95,12
DA:97,6
DA:99,1
DA:100,1
DA:101,2
DA:102,2
DA:104,1
DA:105,1
DA:107,3
DA:109,0
DA:121,2
DA:122,2
DA:123,2
DA:124,2
DA:125,2
DA:126,2
DA:127,2
DA:128,2
DA:129,2
DA:131,2
DA:132,2
DA:134,0
DA:145,4
DA:146,4
DA:147,4
DA:148,4
DA:149,4
DA:150,2
DA:152,2
DA:154,4
DA:155,4
DA:156,4
DA:158,0
DA:169,3
DA:170,3
DA:171,3
DA:172,3
DA:173,3
DA:174,3
DA:175,3
DA:176,0
DA:177,0
DA:178,0
DA:179,0
DA:182,3
DA:184,0
DA:195,10
DA:196,10
DA:197,10
DA:198,10
DA:211,10
DA:212,10
DA:213,10
DA:216,1
DA:223,21
DA:231,9
DA:232,9
DA:233,9
DA:234,9
DA:235,9
DA:236,26
DA:239,1
DA:245,18
DA:246,18
DA:247,18
DA:248,18
DA:249,1
DA:250,1
DA:259,8
DA:260,8
DA:261,8
DA:262,8
DA:263,0
DA:277,1
LF:109
LH:100
BRDA:23,0,0,7
BRDA:23,0,1,2
BRDA:27,1,0,2
BRDA:27,1,1,0
BRDA:59,2,0,0
BRDA:59,2,1,7
BRDA:61,3,0,0
BRDA:61,3,1,7
BRDA:89,4,0,2
BRDA:89,4,1,1
BRDA:99,5,0,1
BRDA:99,5,1,0
BRDA:149,6,0,2
BRDA:149,6,1,2
BRDA:149,7,0,4
BRDA:149,7,1,2
BRDA:174,8,0,3
BRDA:174,8,1,0
BRDA:176,9,0,0
BRDA:176,9,1,0
BRDA:198,10,0,0
BRDA:198,10,1,10
BRDA:211,11,0,0
BRDA:211,11,1,10
BRDA:236,12,0,18
BRDA:236,12,1,8
BRDA:248,13,0,1
BRDA:248,13,1,17
BRDA:252,14,0,1
BRDA:252,14,1,1
BRDA:262,15,0,0
BRDA:262,15,1,8
BRF:32
BRH:22
end_of_record
TN:
SF:/Users/houjin/bashen/easyNode/core/route/index.js
FNF:0
FNH:0
DA:1,1
DA:3,1
LF:2
LH:2
BRF:0
BRH:0
end_of_record
TN:
SF:/Users/houjin/bashen/easyNode/core/route/route.js
FN:17,(anonymous_0)
FN:24,(anonymous_1)
FN:37,(anonymous_2)
FN:55,(anonymous_3)
FN:69,(anonymous_4)
FN:78,(anonymous_5)
FN:87,(anonymous_6)
FN:113,(anonymous_7)
FN:115,(anonymous_8)
FN:117,(anonymous_9)
FN:124,(anonymous_10)
FNF:11
FNH:7
FNDA:0,(anonymous_0)
FNDA:0,(anonymous_1)
FNDA:1,(anonymous_2)
FNDA:0,(anonymous_3)
FNDA:2,(anonymous_4)
FNDA:2,(anonymous_5)
FNDA:2,(anonymous_6)
FNDA:2,(anonymous_7)
FNDA:3,(anonymous_8)
FNDA:5,(anonymous_9)
FNDA:0,(anonymous_10)
DA:3,1
DA:4,1
DA:17,1
DA:18,0
DA:19,0
DA:20,0
DA:21,0
DA:22,0
DA:25,0
DA:28,0
DA:38,1
DA:39,0
DA:41,1
DA:55,1
DA:56,0
DA:59,0
DA:60,0
DA:62,1
DA:70,2
DA:71,2
DA:79,2
DA:80,2
DA:88,2
DA:89,2
DA:114,2
DA:115,2
DA:117,3
DA:118,5
DA:119,5
DA:121,3
DA:125,0
DA:126,0
DA:127,0
DA:128,0
DA:129,0
DA:130,0
DA:131,0
DA:132,0
DA:133,0
DA:134,0
DA:137,0
DA:138,0
DA:143,1
LF:43
LH:20
BRDA:25,0,0,0
BRDA:25,0,1,0
BRDA:38,1,0,0
BRDA:38,1,1,1
BRDA:62,2,0,1
BRDA:62,2,1,1
BRDA:70,3,0,2
BRDA:70,3,1,2
BRDA:79,4,0,2
BRDA:79,4,1,2
BRDA:88,5,0,2
BRDA:88,5,1,2
BRDA:114,6,0,0
BRDA:114,6,1,2
BRDA:118,7,0,5
BRDA:118,7,1,2
BRDA:119,8,0,5
BRDA:119,8,1,3
BRDA:121,9,0,3
BRDA:121,9,1,3
BRDA:121,10,0,1
BRDA:121,10,1,2
BRDA:121,11,0,0
BRDA:121,11,1,2
BRDA:131,12,0,0
BRDA:131,12,1,0
BRDA:131,13,0,0
BRDA:131,13,1,0
BRDA:131,13,2,0
BRDA:132,14,0,0
BRDA:132,14,1,0
BRDA:137,15,0,0
BRDA:137,15,1,0
BRDA:137,16,0,0
BRDA:137,16,1,0
BRF:35
BRH:19
end_of_record
TN:
SF:/Users/houjin/bashen/easyNode/core/utils/index.js
FNF:0
FNH:0
DA:1,1
DA:3,1
LF:2
LH:2
BRF:0
BRH:0
end_of_record
TN:
SF:/Users/houjin/bashen/easyNode/core/utils/is.js
FN:5,(anonymous_0)
FN:6,(anonymous_1)
FNF:2
FNH:2
FNDA:8,(anonymous_0)
FNDA:35,(anonymous_1)
DA:1,1
DA:4,1
DA:5,8
DA:6,8
DA:7,35
DA:11,1
LF:6
LH:6
BRF:0
BRH:0
end_of_record
