TN:
SF:E:/myselfProject/easyNode/core/db/dbMysql.js
FN:18,createWhereText
FN:26,(anonymous_2)
FN:40,Mysql
FN:44,query
FN:54,(anonymous_5)
FN:55,(anonymous_6)
FN:56,(anonymous_7)
FN:44,insert
FN:79,(anonymous_9)
FN:79,_callee
FN:79,_callee$
FN:87,(anonymous_12)
FN:44,update
FN:119,(anonymous_15)
FN:119,_callee2
FN:119,_callee2$
FN:44,select
FN:143,(anonymous_20)
FN:143,_callee3
FN:143,_callee3$
FN:44,remove
FN:168,(anonymous_25)
FN:168,_callee4
FN:168,_callee4$
FN:175,(anonymous_28)
FN:44,sqlTransaction
FN:192,(anonymous_31)
FN:193,(anonymous_32)
FN:206,Transactionn
FN:212,add
FN:212,exec
FN:228,(anonymous_36)
FN:230,(anonymous_37)
FN:231,(anonymous_38)
FN:232,(anonymous_39)
FN:235,(anonymous_40)
FN:236,(anonymous_41)
FNF:37
FNH:36
FNDA:7,createWhereText
FNDA:2,(anonymous_2)
FNDA:12,Mysql
FNDA:6,query
FNDA:6,(anonymous_5)
FNDA:6,(anonymous_6)
FNDA:6,(anonymous_7)
FNDA:3,insert
FNDA:6,(anonymous_9)
FNDA:3,_callee
FNDA:9,_callee$
FNDA:6,(anonymous_12)
FNDA:2,update
FNDA:4,(anonymous_15)
FNDA:2,_callee2
FNDA:4,_callee2$
FNDA:3,select
FNDA:6,(anonymous_20)
FNDA:3,_callee3
FNDA:6,_callee3$
FNDA:2,remove
FNDA:4,(anonymous_25)
FNDA:2,_callee4
FNDA:6,_callee4$
FNDA:1,(anonymous_28)
FNDA:8,sqlTransaction
FNDA:8,(anonymous_31)
FNDA:8,(anonymous_32)
FNDA:8,Transactionn
FNDA:16,add
FNDA:7,exec
FNDA:7,(anonymous_36)
FNDA:7,(anonymous_37)
FNDA:16,(anonymous_38)
FNDA:13,(anonymous_39)
FNDA:7,(anonymous_40)
FNDA:0,(anonymous_41)
DA:7,1
DA:8,1
DA:19,7
DA:20,7
DA:21,7
DA:22,6
DA:23,12
DA:25,1
DA:26,1
DA:27,2
DA:30,7
DA:31,7
DA:41,12
DA:44,1
DA:53,6
DA:54,6
DA:55,6
DA:56,6
DA:57,6
DA:58,6
DA:77,3
DA:78,3
DA:79,57
DA:81,3
DA:85,3
DA:86,3
DA:87,2
DA:88,6
DA:89,6
DA:90,6
DA:91,15
DA:92,15
DA:94,6
DA:96,1
DA:97,1
DA:98,3
DA:99,3
DA:101,1
DA:102,1
DA:106,0
DA:117,2
DA:118,2
DA:119,30
DA:121,2
DA:125,2
DA:126,2
DA:128,2
DA:131,0
DA:141,3
DA:142,3
DA:143,45
DA:145,3
DA:146,3
DA:147,2
DA:149,1
DA:151,3
DA:152,3
DA:155,0
DA:165,2
DA:166,2
DA:167,2
DA:168,38
DA:170,2
DA:171,2
DA:172,1
DA:173,1
DA:174,1
DA:175,1
DA:176,1
DA:181,0
DA:191,8
DA:192,8
DA:193,8
DA:194,8
DA:207,8
DA:208,8
DA:209,8
DA:212,1
DA:219,16
DA:227,7
DA:228,7
DA:229,7
DA:230,7
DA:231,7
DA:232,16
DA:235,7
DA:236,7
DA:237,0
DA:248,0
DA:254,1
LF:90
LH:84
BRDA:21,0,0,6
BRDA:21,0,1,1
BRDA:25,1,0,1
BRDA:25,1,1,0
BRDA:56,2,0,0
BRDA:56,2,1,6
BRDA:58,3,0,0
BRDA:58,3,1,6
BRDA:79,4,0,3
BRDA:79,4,1,3
BRDA:79,4,2,3
BRDA:79,4,3,0
BRDA:79,4,4,3
BRDA:79,4,5,3
BRDA:86,5,0,2
BRDA:86,5,1,1
BRDA:96,6,0,1
BRDA:96,6,1,0
BRDA:119,7,0,2
BRDA:119,7,1,2
BRDA:119,7,2,0
BRDA:119,7,3,2
BRDA:119,7,4,2
BRDA:143,8,0,3
BRDA:143,8,1,3
BRDA:143,8,2,0
BRDA:143,8,3,3
BRDA:143,8,4,3
BRDA:146,9,0,2
BRDA:146,9,1,1
BRDA:146,10,0,3
BRDA:146,10,1,2
BRDA:168,11,0,2
BRDA:168,11,1,2
BRDA:168,11,2,2
BRDA:168,11,3,0
BRDA:168,11,4,2
BRDA:168,11,5,2
BRDA:171,12,0,1
BRDA:171,12,1,1
BRDA:174,13,0,1
BRDA:174,13,1,0
BRDA:194,14,0,0
BRDA:194,14,1,8
BRDA:207,15,0,0
BRDA:207,15,1,8
BRDA:236,16,0,0
BRDA:236,16,1,7
BRF:48
BRH:36
end_of_record
TN:
SF:E:/myselfProject/easyNode/core/utils/is.js
FN:5,(anonymous_0)
FN:6,(anonymous_1)
FNF:2
FNH:2
FNDA:7,(anonymous_0)
FNDA:18,(anonymous_1)
DA:1,1
DA:4,1
DA:5,7
DA:6,7
DA:7,18
DA:11,1
LF:6
LH:6
BRF:0
BRH:0
end_of_record
